[1;32mamazon-ebs output will be in this color.[0m

[1;32m==> amazon-ebs: Prevalidating AMI Name: ubuntu-appserver-1564417360[0m
[0;32m    amazon-ebs: Found Image ID: ami-05c1fa8df71875112[0m
[1;32m==> amazon-ebs: Creating temporary keypair: packer_5d3f1d50-b903-a170-e788-8ea9124a20c1[0m
[1;32m==> amazon-ebs: Creating temporary security group for this instance: packer_5d3f1d52-f9df-4d79-f417-8215fc6ff499[0m
[1;32m==> amazon-ebs: Authorizing access to port 22 from [0.0.0.0/0] in the temporary security groups...[0m
[1;32m==> amazon-ebs: Launching a source AWS instance...[0m
[1;32m==> amazon-ebs: Adding tags to source instance[0m
[0;32m    amazon-ebs: Adding tag: "Name": "Packer Builder"[0m
[0;32m    amazon-ebs: Instance ID: i-0d49451aea9369ca8[0m
[1;32m==> amazon-ebs: Waiting for instance (i-0d49451aea9369ca8) to become ready...[0m
[1;32m==> amazon-ebs: Using ssh communicator to connect: 3.15.162.11[0m
[1;32m==> amazon-ebs: Waiting for SSH to become available...[0m
[1;32m==> amazon-ebs: Connected to SSH![0m
[1;32m==> amazon-ebs: Provisioning with Ansible...[0m
[1;32m==> amazon-ebs: Executing Ansible: ansible-playbook --extra-vars packer_build_name=amazon-ebs packer_builder_type=amazon-ebs -o IdentitiesOnly=yes -i /tmp/packer-provisioner-ansible394526644 /home/rafael/java-app/images/ansible/app-server_config.yml -e ansible_ssh_private_key_file=/tmp/ansible-key853361001[0m
[0;32m    amazon-ebs:  [WARNING] Ansible is in a world writable directory (/home/rafael/java-app/images/app-server), ignoring it as an ansible.cfg source.[0m
[0;32m    amazon-ebs: /usr/lib/python2.7/dist-packages/requests/__init__.py:80: RequestsDependencyWarning: urllib3 (1.25.3) or chardet (3.0.4) doesn't match a supported version![0m
[0;32m    amazon-ebs:   RequestsDependencyWarning)[0m
[0;32m    amazon-ebs:[0m
[0;32m    amazon-ebs: PLAY [all] *********************************************************************[0m
[0;32m    amazon-ebs:[0m
[0;32m    amazon-ebs: TASK [Gathering Facts] *********************************************************[0m
[0;32m    amazon-ebs: ok: [default][0m
[0;32m    amazon-ebs:[0m
[0;32m    amazon-ebs: TASK [Update and upgrade apt packages] *****************************************[0m
[0;32m    amazon-ebs:  [WARNING]: Could not find aptitude. Using apt-get instead.[0m
[0;32m    amazon-ebs: changed: [default][0m
[0;32m    amazon-ebs:[0m
[0;32m    amazon-ebs: TASK [Install nginx, tomcat8, maven and OpenJDK at their latest version] *******[0m
[0;32m    amazon-ebs: changed: [default] => (item=[u'nginx', u'tomcat8', u'maven', u'openjdk-8-jdk', u'openjdk-8-jre', u'openjdk-8-jdk-headless', u'openjdk-8-jre-headless'])[0m
[0;32m    amazon-ebs:[0m
[0;32m    amazon-ebs: TASK [start nginx] *************************************************************[0m
[0;32m    amazon-ebs: ok: [default][0m
[0;32m    amazon-ebs:[0m
[0;32m    amazon-ebs: TASK [start tomcat8] ***********************************************************[0m
[0;32m    amazon-ebs: ok: [default][0m
[0;32m    amazon-ebs:[0m
[0;32m    amazon-ebs: TASK [Create /opt/spring directory if it does not exist] ***********************[0m
[0;32m    amazon-ebs: changed: [default][0m
[0;32m    amazon-ebs:[0m
[0;32m    amazon-ebs: TASK [Downloading and unpacking Spring Boot CLI] *******************************[0m
[0;32m    amazon-ebs: changed: [default][0m
[0;32m    amazon-ebs:[0m
[0;32m    amazon-ebs: TASK [Adding SPRING to PATH] ***************************************************[0m
[0;32m    amazon-ebs: changed: [default][0m
[0;32m    amazon-ebs:[0m
[0;32m    amazon-ebs: TASK [Adding SPRING_HOME to environment] ***************************************[0m
[0;32m    amazon-ebs: changed: [default][0m
[0;32m    amazon-ebs:[0m
[0;32m    amazon-ebs: TASK [Set up authorized keys] **************************************************[0m
[0;32m    amazon-ebs: changed: [default] => (item=ssh-rsa AAAAB3NzaC1yc2EAAAADAQABAAACAQCxbXo6R+2nXhM7zXTPoqCekMKClNqrkNeWmLXdt4YqYj7igFFQI5KZcbBNdOs0ojRTsc1/uHSvu7OHbi/5fiVOx1N1phmvE8g+XjK4JPY+jTHPmGpodJ/apWA7CjTBueHSerLPGo9uHlIpqcaf2+wUnWteheSMvDknTUXyUAgt0NsvCw76ZBII3DtzWIXWr6wdDtUDRTcNXrmKJjO77oBjFgrzPAAucJ74JcZm/LpgHeXzTLYZ3GaeBnRe+dD0btNw1dH4mMh6Ui7mK726e7ddMVtPwchlzIEAMILzvfx/BSpa1uwN222aXhowZ3ot5OJvflI8nzvx8MV3Le91w+ZiPvK/4LIDEy+WOgsBsq2Fh44rXjzwgBMw52mH0NsO9KAMr9SomJZSO9EHGJ9H2NNnNIPVdX8NLXKeeCGLB0fJ2DnPW0ZKO+wPlHHY2bk7FeuLw/wJzarCuFZUNEy9hHQun1gJ02+fCEGdQrS6ByhypG+Uvooa1EV4zBeyWWNXtuqYyTMsbWUBTwzWFsqdDv2XmMXQ3hg2cELOSW4wWflRopD/isKr0IfHuYLUjynBelXwyvwCV9q414SArFAzM93rWJJtCLpsXc4NjiUXwP3PUSjh95MVl3Eyx/iaOv/Y/UbGsFTg3BrREx8e9YIdS5oyu3d7TXcX9wx/5GL+BRTnSw== diana_fernandez@epam.com)[0m
[0;32m    amazon-ebs: changed: [default] => (item=ssh-rsa AAAAB3NzaC1yc2EAAAADAQABAAACAQCvk3I0kqKuxSN9GrigA7KM2c+9PIdYFxEmz/jBjeTzIEB25hRpGgS/aQF+htOvrcTvI8MEec98QGsGGEIZ1rN+TS5WJCHWOWnB+yUnWF7XxyJU2TYqUtf2R2k/QbvzWAaZVbuKAnvbriOOY+23MZJXUNFhDMJ2f/tIwu/yrRkzofoQnDo8Qgh89ziwowvLBp7YH0HkgESX08J5CDVP+dCF4yfVqsD2TDnP1fHz8ecT0pbcdwj6ENkG01JQE20o8ZHA8v/3TDntL/jNvV1MzaoN7hTGRFZBQgMwxIk33+xeK4u+K6T8fZt8qt8EVclUWZTtureC4OfAqs7/IaDvYHOwNPpmz982d+vDc5hPPx2jen0Skkdb8FcbvJb6OLW+Sz9aCGiCRua5pl9ZaFbkkmvUkTa2HRCcr3dZIkVOPyunIUjpWwf2TrbPYQqctAixGI50otFveFhjaDl/HHARjMWbXaD1PQIbZyCGfnRY4F5JlipwWR5LCp8lMPJhwUhBFL1v2KgNZr9zgPdjMk8/+4cecoakgCLQoEO1KLbLmG4RkUQdpV9PqLrQAt9PNYDdm6s4URZrHaLKaG9/T/+WxWb7uGiuv+7GtppRM9K/n2rXkxrvnKfCklKsNJ5GFXzIihOmFtMF7/nPCF8FdPdr02E84lRs20pj/fbJT3QCp0vr4w== Eduardo_Garcia1@epam.com)[0m
[0;32m    amazon-ebs: changed: [default] => (item=ssh-rsa AAAAB3NzaC1yc2EAAAADAQABAAABAQCf5rQQixfWXYXgJX1MQAg8WEeTK2GEHDm/p3SEko/VwbpXqcy21Pr4uZUBotANLMSnwXn+jKAnmDCW6a+sVfUNf8RfOpoClaAj84fOMjpfW1audWRgLYj5DnoCeviFqMZWJGUMaciis8jfDQ1hQZK63HsJn+9vSb0NN9VLrT1ekZEhx1NuaA52BNBOAB8vQTJMechyaX+b3+3fBPANyoqpnOXrsH+M4RT3snrj+xv8IdJb+hGDdrIUhf20WxbSMyqPxiEtSEFLBu1J+C5FNgmO61LeVvzsjsGNKGaveLZnNyms3rRJFVlVohcu1uUlenC/fKpriCgYthG4o51AR2AB Oliver_Rojo@EPMXGUAW0603)[0m
[0;32m    amazon-ebs: changed: [default] => (item=ssh-rsa AAAAB3NzaC1yc2EAAAADAQABAAACAQCsvc9P8IWFas2UombW5JHgrJaX7mIS7tlfLGr6V6PhcabWVg2nLQwOr48fG4eVrmeo1/jjrcY/Tq78dAJ+UR7ZmqAJf1ySqEfe4e3+xWVxuh2jO3x7KOHn3gVzW35rPUDTGQD/cjG8XQgzbr4h8tW4ILR/XE6OmS0P+IO/TPHOf9VKW4Goevydr/02XCLEdXf8YuE/JT71XAgRJ3aIxzccTPeT0kCXT9jLv9c3TOxvdRO4C46wxZfx1BemAnecK2ajTSzyqYZmYjk9JhTM+Gz84lk9BwI3sTU3zywUf12IOQvVU7nJqXwiMBeZMIY//wCbr0Y1W4UBU+s0KnEeoGmJJ7jsCGvvdr9k6xxsbyeGHzO4+8aMrzgB17FolSMAsYnim6p5+JruRfuF9q9CqVaPHmTvDP9X9ZU0UW5aeNcoJ45wTvgsJ620+u5xCIkFjAV/mOVZqw9fBrN1ezn1hPxnHdctbY7FauDD+t4vajFpjeb12NUUUuSPVtQ3JpCUI+SOoxcA80ATQTgVA78iIklg9a5BqwP8Y9fs9HUiWwFObQgZT2LqESoHUKzrY5QYgfehdYO1iJsnii+zIGK30stv/GDmT+pzqWqIpSqDIL+we4cXr2M8VSHwdCgY5nZOwBeHZyi1z2Ve/xi98er+pgAD0dHPc/+QN/PDsxgRIFDxMw== orlando_flores@epam.com)[0m
[0;32m    amazon-ebs: changed: [default] => (item=ssh-rsa AAAAB3NzaC1yc2EAAAADAQABAAACAQCyoNFpmXjj7rP9c9V3JsFjTMZbj0BRAN5W+4vfjqhmcosXDTCb55wrLiR5vwB47NY+A9VO6gX2MeaQeU/hsP3yhZm7ZoDO2s/aDRtAPQ09cGv0N7WY3rN2j+vZl8eUakfUvaKaBbbH/8TJuoIRV7SXePOo/6AmKpStQ3fjPVaGneAOhNh5mstzD/G7wHCmpmDXYQJKg1Hh6WOkf2bCUP8HNQx8B21E6rBAZFco2Hp9WaNl6Y4x6v4gf145T/myRJdqcn8C98HXhruSIW0etmTWXlBvzZAALtNVeOjEl8rRrC7QSF08PYpzAs0o/es1XsEBPK51/uWAL1z3vWEjtYXH0nX+857m9pMlbmlI93ufus0uTHq/9bdwMZI3RxcRCz8+mpCCkuB9oJwSkbTSJw/oTfFIQMZOT43QzQK5ZK/P+F+tiLhHE6P6/vCF2j2zzgpdeKN6VuRaOsCvHbeoiGNG4HBn9O7kUPAwEhSLnhfKA6haRlFwm3jbenwubCeC7atRMMRq7EJtnFXobDehQuzAUFnJsioA6cZERfZP2UOtYVbXtaUHdgXenqrggAAzgwtSWp96W5DHbfF3WKrJzDfjcs2M+peK5UFg2IX/KF6c++lB/zi9lto10ka3JgZTSyL2jacMNvWGL4UOdq3njbjIHQ34aWqa5TqJGoQ0aSPkRw== pablo_ramirez@epam.com)[0m
[0;32m    amazon-ebs: changed: [default] => (item=ssh-rsa AAAAB3NzaC1yc2EAAAADAQABAAACAQC5Xoxehx0Cyh4WcFQln5DS5U9uHa69XH3EMXIn8f6Z6ez9lUELovcnS0IZMGEkrBCz9WSrczRIiLEf2ppU6HybhHqugAydF/2M8NxigCQdjwccz21VYFQczSgmBHHkkBQppCqS+1kq/TptLz3s6rl76PaJ+MVMupzwIHw6VRhBctQwE8w8wQ0E5gQ20OpcG8QcXR/e0cazDLx2zhrKKeexacv4Qgu3nKHJ/PPV8MxDz+fRKngjgCxgrjVFD0xoikO9mDykHr8vCizc03OpSlNi+t19C61kQoQbgexvzAP2XDvGalDiWcYCBsg7rRXVSpCioAnFje6WDrXTHA88SCgsktPZZgKTlnYoxcjJ8dUueqwIqyO1MrsDvkxk3NrhBascWz0L4XGAtrEPy4GGVPkbqac4PJZndUKyoyoJDIfGSNvPLkIeTRHnI/RIRHjc07UElOi3DdNAtmJFLcj2W3SD/T8bAQ2V2f7UqfK7xj0+kDAFO3tYwf/Gs5/KgSFiBpUNbjjLCUWjq2dVYHeJtjo5Iie1UchFY8b/TX4oH/q1DcfHWDUercYS/+6R74gFiMDwwtmVw/ekLJnBqd1nx48fy2+OGylvFFPMLcWYXfm7KKPp3xBXszrOEOxyEZgnXev9zj5q/JeeV5yXNoDzSgpFxHe2SpNN/HZT2VKhDJzYsw== rafael@EPMXGUAW037)[0m
[0;32m    amazon-ebs: changed: [default] => (item=ssh-rsa AAAAB3NzaC1yc2EAAAADAQABAAACAQDTBItZi6my9tc9UK7G1faVL7dF8ENinuWVr4xvJPaVRhG5MtWI+Oyf0QkJP6AcJHmnvyBPnEDi4rDaKzc//pYHxxat20lXma+jwc/K677LFcz8wweyXDo93VQeGCcB562MuqxXJHBBJqTyconvCYiISdfv3wR6li7oSm9mLABMK2tYAe8zXMajbfe4NM0HzxMAKPIS2l4q5kCfhV7tj8yONb1a1I12wwOWyvKXXUbCphPtco5mAPjD69i+P6CZleZuf67pgbd1eZLr36n1yqxKCdgvGgu3UQH1hnIMtlABQtreu/zME0avbhFWCJ9eBjcepuyLNWILWizG7QWKIO7qP5N7vK1Po+d/tXF1Bt2+iFmtvKfn0gYHvdO5eo/snEcMOJAzgaPzr1dtt+LJwZ7RLvlkP5e+GFk1KXec3Rg2FajeW/oHyzrS9Jznq/81ntozrdRDIpu92RsIuXJKHRsg9oqtMSJfcyB6TxKUKIIY6N+abontip+q+vv7Mju4ake65LZIkMspIHCWUzuypfGleNymgzqca5J9nBGgYSPb7FTT5sHOuh4mtZn1sVw4wkxrmcuN3/3eivPL49vCGg/ynHbCWftLGvzuTm8BCBkjFm6wRrzg1Y72pRae6dSOrTkSpYzXXmxcDjitP78mQbDaop/UHxXzhGQ98gSVVALFNQ== sergio_nunez@epam.com)[0m
[0;32m    amazon-ebs:[0m
[0;32m    amazon-ebs: PLAY RECAP *********************************************************************[0m
[0;32m    amazon-ebs: default                    : ok=10   changed=7    unreachable=0    failed=0[0m
[0;32m    amazon-ebs:[0m
[1;32m==> amazon-ebs: Stopping the source instance...[0m
[0;32m    amazon-ebs: Stopping instance[0m
[1;32m==> amazon-ebs: Waiting for the instance to stop...[0m
[1;32m==> amazon-ebs: Creating AMI 9S9DpEk from instance i-0d49451aea9369ca8[0m
[0;32m    amazon-ebs: AMI: ami-023d0748d423777d0[0m
[1;32m==> amazon-ebs: Waiting for AMI to become ready...[0m
[1;32m==> amazon-ebs: Copying/Encrypting AMI (ami-023d0748d423777d0) to other regions...[0m
[0;32m    amazon-ebs: Creating encrypted copy in build region: us-east-2[0m
[0;32m    amazon-ebs: Waiting for all copies to complete...[0m
[1;32m==> amazon-ebs: Modifying attributes on AMI (ami-04cd30e9a74fa6830)...[0m
[0;32m    amazon-ebs: Modifying: description[0m
[1;32m==> amazon-ebs: Modifying attributes on snapshot (snap-0a3c0603e988ce418)...[0m
[1;32m==> amazon-ebs: Adding tags to AMI (ami-04cd30e9a74fa6830)...[0m
[1;32m==> amazon-ebs: Tagging snapshot: snap-0a3c0603e988ce418[0m
[1;32m==> amazon-ebs: Creating AMI tags[0m
[0;32m    amazon-ebs: Adding tag: "Name": "ubuntu-java-1564417360"[0m
[0;32m    amazon-ebs: Adding tag: "ubuntu:release": "18.04 LTS"[0m
[0;32m    amazon-ebs: Adding tag: "ubuntu:branch": "bionic"[0m
[1;32m==> amazon-ebs: Creating snapshot tags[0m
[1;32m==> amazon-ebs: Deregistering the AMI and deleting unencrypted temporary AMIs and snapshots[0m
[1;32m==> amazon-ebs: Deregistered AMI id: ami-023d0748d423777d0[0m
[1;32m==> amazon-ebs: Deleted snapshot: snap-0b4cb57022d9c9859[0m
[1;32m==> amazon-ebs: Terminating the source AWS instance...[0m
[1;32m==> amazon-ebs: Cleaning up any extra volumes...[0m
[1;32m==> amazon-ebs: No volumes to clean up, skipping[0m
[1;32m==> amazon-ebs: Deleting temporary security group...[0m
[1;32m==> amazon-ebs: Deleting temporary keypair...[0m
[1;32mBuild 'amazon-ebs' finished.[0m

==> Builds finished. The artifacts of successful builds are:
--> amazon-ebs: AMIs were created:
us-east-2: ami-04cd30e9a74fa6830

